<?xml version="1.0" encoding="UTF-8"?>
<!-- Generated by org.testng.reporters.JUnitReportReporter -->
<testsuite hostname="Neeta-Toronto" failures="0" tests="1" name="testPackage.TC_LOGIN015" time="11.879" errors="0" timestamp="2023-11-04T00:01:01 EDT" skipped="0">
  <testcase classname="testPackage.TC_LOGIN015" name="register" time="11.879"/>
</testsuite> <!-- testPackage.TC_LOGIN015 -->
