<?xml version="1.0" encoding="UTF-8"?>
<!-- Generated by org.testng.reporters.JUnitReportReporter -->
<testsuite hostname="Neeta-Toronto" failures="0" tests="1" name="testPackage.TC_SF_015" time="15.709" errors="0" timestamp="2023-11-09T21:15:42 EST" skipped="0">
  <testcase classname="testPackage.TC_SF_015" name="Search015" time="15.709"/>
</testsuite> <!-- testPackage.TC_SF_015 -->
