<?xml version="1.0" encoding="UTF-8"?>
<!-- Generated by org.testng.reporters.JUnitReportReporter -->
<testsuite hostname="Neeta-Toronto" failures="0" tests="1" name="testPackage.TC_LOGIN002" time="14.812" errors="0" timestamp="2023-11-03T17:23:11 EDT" skipped="0">
  <testcase classname="testPackage.TC_LOGIN002" name="register" time="14.812"/>
</testsuite> <!-- testPackage.TC_LOGIN002 -->
