<?xml version="1.0" encoding="UTF-8"?>
<!-- Generated by org.testng.reporters.JUnitReportReporter -->
<testsuite hostname="Neeta-Toronto" failures="0" tests="2" name="testPackage.TC_LOGIN001" time="13.232" errors="0" timestamp="2023-11-03T10:53:03 EDT" skipped="1">
  <testcase classname="testPackage.TC_LOGIN001" name="register" time="13.232"/>
  <testcase classname="testPackage.TC_LOGIN001" name="Output">
    <skipped/>
  </testcase> <!-- Output -->
</testsuite> <!-- testPackage.TC_LOGIN001 -->
