<?xml version="1.0" encoding="UTF-8"?>
<!-- Generated by org.testng.reporters.JUnitReportReporter -->
<testsuite hostname="Neeta-Toronto" failures="0" tests="1" name="testPackage.TC_LOGIN_008" time="17.582" errors="0" timestamp="2023-11-03T23:09:14 EDT" skipped="0">
  <testcase classname="testPackage.TC_LOGIN_008" name="register" time="17.582"/>
</testsuite> <!-- testPackage.TC_LOGIN_008 -->
