<?xml version="1.0" encoding="UTF-8"?>
<!-- Generated by org.testng.reporters.JUnitReportReporter -->
<testsuite hostname="Neeta-Toronto" failures="0" tests="1" name="testPackage.TC_ORDERS001" time="20.112" errors="0" timestamp="2023-11-05T11:50:49 EST" skipped="0">
  <testcase classname="testPackage.TC_ORDERS001" name="accounts" time="20.112"/>
</testsuite> <!-- testPackage.TC_ORDERS001 -->
