<?xml version="1.0" encoding="UTF-8"?>
<!-- Generated by org.testng.reporters.JUnitReportReporter -->
<testsuite hostname="Neeta-Toronto" failures="0" tests="1" name="testPackage.TC_LOGIN003" time="9.949" errors="0" timestamp="2023-11-03T20:55:08 EDT" skipped="0">
  <testcase classname="testPackage.TC_LOGIN003" name="register1" time="9.949"/>
</testsuite> <!-- testPackage.TC_LOGIN003 -->
