<?xml version="1.0" encoding="UTF-8"?>
<!-- Generated by org.testng.reporters.JUnitReportReporter -->
<testsuite hostname="Neeta-Toronto" failures="0" tests="1" name="testPackage.TC_PAYMENT002" time="25.073" errors="0" timestamp="2023-11-09T21:11:06 EST" skipped="0">
  <testcase classname="testPackage.TC_PAYMENT002" name="Payment002" time="25.073"/>
</testsuite> <!-- testPackage.TC_PAYMENT002 -->
