<?xml version="1.0" encoding="UTF-8"?>
<!-- Generated by org.testng.reporters.JUnitReportReporter -->
<testsuite hostname="Neeta-Toronto" failures="0" tests="1" name="testPackage.TC_SF_001" time="18.825" errors="0" timestamp="2023-11-08T10:56:06 EST" skipped="0">
  <testcase classname="testPackage.TC_SF_001" name="Search001" time="18.825"/>
</testsuite> <!-- testPackage.TC_SF_001 -->
