<?xml version="1.0" encoding="UTF-8"?>
<!-- Generated by org.testng.reporters.JUnitReportReporter -->
<testsuite hostname="Neeta-Toronto" failures="0" tests="2" name="testPackage.TC_LOGIN_003" time="24.716" errors="0" timestamp="2023-11-03T21:10:28 EDT" skipped="0">
  <testcase classname="testPackage.TC_LOGIN_003" name="register" time="14.301"/>
  <testcase classname="testPackage.TC_LOGIN_003" name="register1" time="10.415"/>
</testsuite> <!-- testPackage.TC_LOGIN_003 -->
