<?xml version="1.0" encoding="UTF-8"?>
<!-- Generated by org.testng.reporters.JUnitReportReporter -->
<testsuite hostname="Neeta-Toronto" failures="0" tests="1" name="testPackage.TC_ADDRESS026" time="17.375" errors="0" timestamp="2023-11-06T12:58:58 EST" skipped="0">
  <testcase classname="testPackage.TC_ADDRESS026" name="Address026" time="17.375"/>
</testsuite> <!-- testPackage.TC_ADDRESS026 -->
