<?xml version="1.0" encoding="UTF-8"?>
<!-- Generated by org.testng.reporters.JUnitReportReporter -->
<testsuite hostname="Neeta-Toronto" failures="0" tests="1" name="testPackage.TC_ADDRESS004" time="18.329" errors="0" timestamp="2023-11-06T10:21:44 EST" skipped="0">
  <testcase classname="testPackage.TC_ADDRESS004" name="Address004" time="18.329"/>
</testsuite> <!-- testPackage.TC_ADDRESS004 -->
