<?xml version="1.0" encoding="UTF-8"?>
<!-- Generated by org.testng.reporters.JUnitReportReporter -->
<testsuite hostname="Neeta-Toronto" failures="0" tests="1" name="testPackage.TC_ACCOUNT001" time="14.405" errors="0" timestamp="2023-11-04T21:00:52 EDT" skipped="0">
  <testcase classname="testPackage.TC_ACCOUNT001" name="register" time="14.405"/>
</testsuite> <!-- testPackage.TC_ACCOUNT001 -->
