<?xml version="1.0" encoding="UTF-8"?>
<!-- Generated by org.testng.reporters.JUnitReportReporter -->
<testsuite hostname="Neeta-Toronto" failures="0" tests="1" name="testPackage.TC_LOGIN019" time="12.291" errors="0" timestamp="2023-11-04T10:46:10 EDT" skipped="0">
  <testcase classname="testPackage.TC_LOGIN019" name="register" time="12.291"/>
</testsuite> <!-- testPackage.TC_LOGIN019 -->
