<?xml version="1.0" encoding="UTF-8"?>
<!-- Generated by org.testng.reporters.JUnitReportReporter -->
<testsuite hostname="Neeta-Toronto" failures="0" tests="1" name="testPackage.TC_PAYMENTS001" time="18.599" errors="0" timestamp="2023-11-06T13:35:56 EST" skipped="0">
  <testcase classname="testPackage.TC_PAYMENTS001" name="Payments001" time="18.599"/>
</testsuite> <!-- testPackage.TC_PAYMENTS001 -->
