<?xml version="1.0" encoding="UTF-8"?>
<!-- Generated by org.testng.reporters.JUnitReportReporter -->
<testsuite hostname="Neeta-Toronto" failures="0" tests="1" name="testPackage.TC_ADDRESS005" time="17.701" errors="0" timestamp="2023-11-06T10:42:38 EST" skipped="0">
  <testcase classname="testPackage.TC_ADDRESS005" name="Address005" time="17.701"/>
</testsuite> <!-- testPackage.TC_ADDRESS005 -->
