<?xml version="1.0" encoding="UTF-8"?>
<!-- Generated by org.testng.reporters.JUnitReportReporter -->
<testsuite hostname="Neeta-Toronto" failures="0" tests="1" name="testPackage.TC_ADDRESS001" time="16.454" errors="0" timestamp="2023-11-05T12:22:45 EST" skipped="0">
  <testcase classname="testPackage.TC_ADDRESS001" name="Address" time="16.454"/>
</testsuite> <!-- testPackage.TC_ADDRESS001 -->
