<?xml version="1.0" encoding="UTF-8"?>
<!-- Generated by org.testng.reporters.JUnitReportReporter -->
<testsuite hostname="Neeta-Toronto" failures="0" tests="1" name="testPackage.TC_ADDRESS002" time="18.472" errors="0" timestamp="2023-11-05T23:53:36 EST" skipped="0">
  <testcase classname="testPackage.TC_ADDRESS002" name="Address" time="18.472"/>
</testsuite> <!-- testPackage.TC_ADDRESS002 -->
